<?xml version="1.0" encoding="UTF-8"?>
<testsuite name="cloudofficeprint.ResourcesTests" tests="4" skipped="0" failures="0" errors="0" timestamp="2021-12-20T13:22:17" hostname="DESKTOP-4Q9HSUB" time="0.012">
  <properties/>
  <testcase name="ResourceTest()" classname="cloudofficeprint.ResourcesTests" time="0.006"/>
  <testcase name="restResource()" classname="cloudofficeprint.ResourcesTests" time="0.001"/>
  <testcase name="graphQLResource()" classname="cloudofficeprint.ResourcesTests" time="0.001"/>
  <testcase name="restResourcePrintJob()" classname="cloudofficeprint.ResourcesTests" time="0.001"/>
  <system-out><![CDATA[]]></system-out>
  <system-err><![CDATA[]]></system-err>
</testsuite>
