<?xml version="1.0" encoding="UTF-8"?>
<testsuite name="cloudofficeprint.ConfigTests" tests="5" skipped="0" failures="0" errors="0" timestamp="2021-12-20T13:22:17" hostname="DESKTOP-4Q9HSUB" time="0.022">
  <properties/>
  <testcase name="testCloudAccessTokens()" classname="cloudofficeprint.ConfigTests" time="0.004"/>
  <testcase name="testPrinter()" classname="cloudofficeprint.ConfigTests" time="0.004"/>
  <testcase name="testCsvOptions()" classname="cloudofficeprint.ConfigTests" time="0.004"/>
  <testcase name="testCommands()" classname="cloudofficeprint.ConfigTests" time="0.004"/>
  <testcase name="testPdfOptions()" classname="cloudofficeprint.ConfigTests" time="0.003"/>
  <system-out><![CDATA[]]></system-out>
  <system-err><![CDATA[]]></system-err>
</testsuite>
