<?xml version="1.0" encoding="UTF-8"?>
<testsuite name="cloudofficeprint.LoopsTests" tests="2" skipped="0" failures="0" errors="0" timestamp="2021-08-25T12:10:32" hostname="jaak-Inspiron-7590" time="0.043">
  <properties/>
  <testcase name="forEach()" classname="cloudofficeprint.LoopsTests" time="0.04"/>
  <testcase name="testForEachSheet()" classname="cloudofficeprint.LoopsTests" time="0.002"/>
  <system-out><![CDATA[]]></system-out>
  <system-err><![CDATA[]]></system-err>
</testsuite>
