<?xml version="1.0" encoding="UTF-8"?>
<testsuite name="cloudofficeprint.ConfigTests" tests="5" skipped="0" failures="0" errors="0" timestamp="2021-08-25T15:38:43" hostname="Administrators-MacBook-Pro-336.local" time="0.048">
  <properties/>
  <testcase name="testCloudAccessTokens()" classname="cloudofficeprint.ConfigTests" time="0.04"/>
  <testcase name="testPrinter()" classname="cloudofficeprint.ConfigTests" time="0.001"/>
  <testcase name="testCsvOptions()" classname="cloudofficeprint.ConfigTests" time="0.001"/>
  <testcase name="testCommands()" classname="cloudofficeprint.ConfigTests" time="0.002"/>
  <testcase name="testPdfOptions()" classname="cloudofficeprint.ConfigTests" time="0.001"/>
  <system-out><![CDATA[]]></system-out>
  <system-err><![CDATA[]]></system-err>
</testsuite>
