<?xml version="1.0" encoding="UTF-8"?>
<testsuite name="cloudofficeprint.ImagesTests" tests="2" skipped="0" failures="0" errors="0" timestamp="2021-08-24T08:05:48" hostname="jaak-Inspiron-7590" time="0.002">
  <properties/>
  <testcase name="imageURL()" classname="cloudofficeprint.ImagesTests" time="0.001"/>
  <testcase name="imageBase64()" classname="cloudofficeprint.ImagesTests" time="0.001"/>
  <system-out><![CDATA[]]></system-out>
  <system-err><![CDATA[]]></system-err>
</testsuite>
