<?xml version="1.0" encoding="UTF-8"?>
<testsuite name="cloudofficeprint.PDFTests" tests="3" skipped="0" failures="0" errors="0" timestamp="2021-08-25T16:28:24" hostname="jaak-Inspiron-7590" time="0.002">
  <properties/>
  <testcase name="COPPDFForms()" classname="cloudofficeprint.PDFTests" time="0.0"/>
  <testcase name="COPPDFImagesTest()" classname="cloudofficeprint.PDFTests" time="0.001"/>
  <testcase name="COPPDFTextTest()" classname="cloudofficeprint.PDFTests" time="0.0"/>
  <system-out><![CDATA[]]></system-out>
  <system-err><![CDATA[]]></system-err>
</testsuite>
