<?xml version="1.0" encoding="UTF-8"?>
<testsuite name="cloudofficeprint.ChartTests" tests="9" skipped="0" failures="0" errors="0" timestamp="2021-12-20T13:22:17" hostname="DESKTOP-4Q9HSUB" time="0.135">
  <properties/>
  <testcase name="testChartBar()" classname="cloudofficeprint.ChartTests" time="0.092"/>
  <testcase name="testChartCOP()" classname="cloudofficeprint.ChartTests" time="0.004"/>
  <testcase name="testChartPie()" classname="cloudofficeprint.ChartTests" time="0.005"/>
  <testcase name="testChartArea()" classname="cloudofficeprint.ChartTests" time="0.004"/>
  <testcase name="testChartLine()" classname="cloudofficeprint.ChartTests" time="0.003"/>
  <testcase name="testChartBubble()" classname="cloudofficeprint.ChartTests" time="0.004"/>
  <testcase name="testCombinedChart()" classname="cloudofficeprint.ChartTests" time="0.009"/>
  <testcase name="testChartStock()" classname="cloudofficeprint.ChartTests" time="0.004"/>
  <testcase name="testChartOptions()" classname="cloudofficeprint.ChartTests" time="0.005"/>
  <system-out><![CDATA[]]></system-out>
  <system-err><![CDATA[]]></system-err>
</testsuite>
