<?xml version="1.0" encoding="UTF-8"?>
<testsuite name="cloudofficeprint.ResourcesTests" tests="4" skipped="0" failures="0" errors="0" timestamp="2021-08-25T15:38:43" hostname="Administrators-MacBook-Pro-336.local" time="0.003">
  <properties/>
  <testcase name="ResourceTest()" classname="cloudofficeprint.ResourcesTests" time="0.001"/>
  <testcase name="restResource()" classname="cloudofficeprint.ResourcesTests" time="0.001"/>
  <testcase name="graphQLResource()" classname="cloudofficeprint.ResourcesTests" time="0.001"/>
  <testcase name="restResourcePrintJob()" classname="cloudofficeprint.ResourcesTests" time="0.0"/>
  <system-out><![CDATA[]]></system-out>
  <system-err><![CDATA[]]></system-err>
</testsuite>
