<?xml version="1.0" encoding="UTF-8"?>
<testsuite name="cloudofficeprint.ConfigTests" tests="5" skipped="0" failures="0" errors="0" timestamp="2021-08-19T09:59:53" hostname="jaak-Inspiron-7590" time="0.004">
  <properties/>
  <testcase name="testCloudAccessTokens()" classname="cloudofficeprint.ConfigTests" time="0.001"/>
  <testcase name="testPrinter()" classname="cloudofficeprint.ConfigTests" time="0.001"/>
  <testcase name="testCsvOptions()" classname="cloudofficeprint.ConfigTests" time="0.0"/>
  <testcase name="testCommands()" classname="cloudofficeprint.ConfigTests" time="0.0"/>
  <testcase name="testPdfOptions()" classname="cloudofficeprint.ConfigTests" time="0.001"/>
  <system-out><![CDATA[]]></system-out>
  <system-err><![CDATA[]]></system-err>
</testsuite>
