<?xml version="1.0" encoding="UTF-8"?>
<testsuite name="cloudofficeprint.PrintJobTest" tests="1" skipped="0" failures="0" errors="0" timestamp="2021-08-25T10:06:12" hostname="jaak-Inspiron-7590" time="0.005">
  <properties/>
  <testcase name="prependAppendSubTemplatesTest()" classname="cloudofficeprint.PrintJobTest" time="0.005"/>
  <system-out><![CDATA[]]></system-out>
  <system-err><![CDATA[]]></system-err>
</testsuite>
