<?xml version="1.0" encoding="UTF-8"?>
<testsuite name="cloudofficeprint.ImagesTests" tests="2" skipped="0" failures="0" errors="0" timestamp="2021-12-20T13:22:17" hostname="DESKTOP-4Q9HSUB" time="0.004">
  <properties/>
  <testcase name="imageURL()" classname="cloudofficeprint.ImagesTests" time="0.002"/>
  <testcase name="imageBase64()" classname="cloudofficeprint.ImagesTests" time="0.002"/>
  <system-out><![CDATA[]]></system-out>
  <system-err><![CDATA[]]></system-err>
</testsuite>
