<?xml version="1.0" encoding="UTF-8"?>
<testsuite name="cloudofficeprint.PDFTests" tests="3" skipped="0" failures="0" errors="0" timestamp="2021-12-20T13:22:17" hostname="DESKTOP-4Q9HSUB" time="0.012">
  <properties/>
  <testcase name="COPPDFForms()" classname="cloudofficeprint.PDFTests" time="0.003"/>
  <testcase name="COPPDFImagesTest()" classname="cloudofficeprint.PDFTests" time="0.004"/>
  <testcase name="COPPDFTextTest()" classname="cloudofficeprint.PDFTests" time="0.003"/>
  <system-out><![CDATA[]]></system-out>
  <system-err><![CDATA[]]></system-err>
</testsuite>
