<?xml version="1.0" encoding="UTF-8"?>
<testsuite name="cloudofficeprint.PrintJobTest" tests="1" skipped="0" failures="0" errors="0" timestamp="2021-12-20T13:22:17" hostname="DESKTOP-4Q9HSUB" time="0.022">
  <properties/>
  <testcase name="prependAppendSubTemplatesTest()" classname="cloudofficeprint.PrintJobTest" time="0.022"/>
  <system-out><![CDATA[]]></system-out>
  <system-err><![CDATA[]]></system-err>
</testsuite>
