<?xml version="1.0" encoding="UTF-8"?>
<testsuite name="cloudofficeprint.RenderElementsTests" tests="11" skipped="0" failures="0" errors="0" timestamp="2021-08-25T09:23:32" hostname="Administrators-MacBook-Pro-336.local" time="0.022">
  <properties/>
  <testcase name="elementCollection()" classname="cloudofficeprint.RenderElementsTests" time="0.002"/>
  <testcase name="tableOfContent()" classname="cloudofficeprint.RenderElementsTests" time="0.001"/>
  <testcase name="textBox()" classname="cloudofficeprint.RenderElementsTests" time="0.001"/>
  <testcase name="Property()" classname="cloudofficeprint.RenderElementsTests" time="0.0"/>
  <testcase name="CellSpan()" classname="cloudofficeprint.RenderElementsTests" time="0.002"/>
  <testcase name="waterMark()" classname="cloudofficeprint.RenderElementsTests" time="0.002"/>
  <testcase name="cellStylePropertyDocx()" classname="cloudofficeprint.RenderElementsTests" time="0.001"/>
  <testcase name="cellStylePropertyXlsx()" classname="cloudofficeprint.RenderElementsTests" time="0.002"/>
  <testcase name="styledProp()" classname="cloudofficeprint.RenderElementsTests" time="0.002"/>
  <testcase name="hyperLink()" classname="cloudofficeprint.RenderElementsTests" time="0.001"/>
  <testcase name="D3Code()" classname="cloudofficeprint.RenderElementsTests" time="0.001"/>
  <system-out><![CDATA[]]></system-out>
  <system-err><![CDATA[]]></system-err>
</testsuite>
