<?xml version="1.0" encoding="UTF-8"?>
<testsuite name="cloudofficeprint.LoopsTests" tests="2" skipped="0" failures="0" errors="0" timestamp="2021-08-25T15:38:43" hostname="Administrators-MacBook-Pro-336.local" time="0.002">
  <properties/>
  <testcase name="forEach()" classname="cloudofficeprint.LoopsTests" time="0.0"/>
  <testcase name="testForEachSheet()" classname="cloudofficeprint.LoopsTests" time="0.002"/>
  <system-out><![CDATA[]]></system-out>
  <system-err><![CDATA[]]></system-err>
</testsuite>
