<?xml version="1.0" encoding="UTF-8"?>
<testsuite name="cloudofficeprint.PDFTests" tests="3" skipped="0" failures="0" errors="0" timestamp="2021-08-25T09:23:32" hostname="Administrators-MacBook-Pro-336.local" time="0.004">
  <properties/>
  <testcase name="COPPDFForms()" classname="cloudofficeprint.PDFTests" time="0.001"/>
  <testcase name="COPPDFImagesTest()" classname="cloudofficeprint.PDFTests" time="0.002"/>
  <testcase name="COPPDFTextTest()" classname="cloudofficeprint.PDFTests" time="0.001"/>
  <system-out><![CDATA[]]></system-out>
  <system-err><![CDATA[]]></system-err>
</testsuite>
