<?xml version="1.0" encoding="UTF-8"?>
<testsuite name="cloudofficeprint.LoopsTests" tests="2" skipped="0" failures="0" errors="0" timestamp="2021-12-20T13:22:17" hostname="DESKTOP-4Q9HSUB" time="0.006">
  <properties/>
  <testcase name="forEach()" classname="cloudofficeprint.LoopsTests" time="0.003"/>
  <testcase name="testForEachSheet()" classname="cloudofficeprint.LoopsTests" time="0.003"/>
  <system-out><![CDATA[]]></system-out>
  <system-err><![CDATA[]]></system-err>
</testsuite>
